Running: C:\Xilinx\14.7\ISE_DS\ISE\bin\nt\unwrapped\fuse.exe -intstyle ise -incremental -o C:/Users/Administrator/Documents/sem7vhdl/sipo_reg/sipo_tb_isim_beh.exe -prj C:/Users/Administrator/Documents/sem7vhdl/sipo_reg/sipo_tb_beh.prj work.sipo_tb 
ISim P.20131013 (signature 0x8ef4fb42)
Number of CPUs detected in this system: 4
Turning on mult-threading, number of parallel sub-compilation jobs: 8 
Determining compilation order of HDL files
Parsing VHDL file "C:/Users/Administrator/Documents/sem7vhdl/sipo_reg/sipo_code.vhd" into library work
Parsing VHDL file "C:/Users/Administrator/Documents/sem7vhdl/sipo_reg/sipo_tb.vhd" into library work
Starting static elaboration
Completed static elaboration
Fuse Memory Usage: 108616 KB
Fuse CPU Usage: 358 ms
Compiling package standard
Compiling package std_logic_1164
Compiling architecture behavioral of entity sipo_code [sipo_code_default]
Compiling architecture behavior of entity sipo_tb
Time Resolution for simulation is 1ps.
Waiting for 1 sub-compilation(s) to finish...
Compiled 5 VHDL Units
Built simulation executable C:/Users/Administrator/Documents/sem7vhdl/sipo_reg/sipo_tb_isim_beh.exe
Fuse Memory Usage: 117560 KB
Fuse CPU Usage: 405 ms
