Command line:
   tblfsr_isim_beh.exe
     -simmode  gui
     -simrunnum  0
     -socket  50027

Sun Oct 29 17:12:21 2017


 Elaboration Time: 0.046801 sec

 Current Memory Usage: 662.163 Meg

 Total Signals          : 8
 Total Nets             : 19
 Total Signal Drivers   : 5
 Total Blocks           : 3
 Total Primitive Blocks : 2
 Total Processes        : 5
 Total Traceable Variables  : 8
 Total Scalar Nets and Variables : 379
Total Line Count : 14

 Total Simulation Time: 0.046801 sec

 Current Memory Usage: 662.163 Meg

Sun Oct 29 17:17:25 2017

