Running: fuse.exe -relaunch -intstyle "ise" -incremental -o "C:/Users/Administrator/Documents/sem7vhdl/dicegame/game1_isim_beh.exe" -prj "C:/Users/Administrator/Documents/sem7vhdl/dicegame/game1_beh.prj" "work.game1" 
ISim P.20131013 (signature 0x8ef4fb42)
Number of CPUs detected in this system: 4
Turning on mult-threading, number of parallel sub-compilation jobs: 8 
Determining compilation order of HDL files
Parsing VHDL file "C:/Users/Administrator/Documents/sem7vhdl/dicegame/game1.vhd" into library work
Starting static elaboration
Completed static elaboration
Fuse Memory Usage: 108424 KB
Fuse CPU Usage: 280 ms
Compiling package standard
Compiling package std_logic_1164
Compiling package std_logic_arith
Compiling package std_logic_unsigned
Compiling architecture behavioral of entity game1
Time Resolution for simulation is 1ps.
Waiting for 2 sub-compilation(s) to finish...
Compiled 5 VHDL Units
Built simulation executable C:/Users/Administrator/Documents/sem7vhdl/dicegame/game1_isim_beh.exe
Fuse Memory Usage: 124472 KB
Fuse CPU Usage: 343 ms
