Command line:
   debouncetb_isim_beh.exe
     -simmode  gui
     -simrunnum  0
     -socket  51193

Sun Oct 29 19:42:41 2017


 Elaboration Time: 0.0468 sec

 Current Memory Usage: 654.508 Meg

 Total Signals          : 9
 Total Nets             : 9
 Total Signal Drivers   : 6
 Total Blocks           : 5
 Total Primitive Blocks : 4
 Total Processes        : 4
 Total Traceable Variables  : 10
 Total Scalar Nets and Variables : 387
Total Line Count : 15

 Total Simulation Time: 0.0624 sec

 Current Memory Usage: 654.508 Meg

Sun Oct 29 20:06:49 2017

