ISim log file
Running: C:\Users\Administrator\Documents\sem7vhdl\KEYBOARD\scanner_isim_beh.exe -intstyle ise -gui -tclbatch isim.cmd -wdb C:/Users/Administrator/Documents/sem7vhdl/KEYBOARD/scanner_isim_beh.wdb 
INFO: There is another simulation running in the same directory. Using database file name isim1.wdb.
ISim P.20131013 (signature 0x8ef4fb42)
WARNING: A WEBPACK license was found.
WARNING: Please use Xilinx License Configuration Manager to check out a full ISim license.
WARNING: ISim will run in Lite mode. Please refer to the ISim documentation for more information on the differences between the Lite and the Full version.
This is a Lite version of ISim.
Time resolution is 1 ps
# onerror resume
# wave add /
# run 1000 ns
Simulator is doing circuit initialization process.
Finished circuit initialization process.
# isim force add /scanner/r0 0 -radix bin
# isim force add /scanner/r1 0 -radix bin
# isim force add /scanner/r2 1 -radix bin
# isim force add /scanner/r3 0 -radix bin
# isim force add /scanner/clk 1 -radix bin -value 0 -radix bin -time 5 ns -repeat 10 ns
# isim force add /scanner/c0 1 -radix bin
# isim force add /scanner/c1 0 -radix bin
# isim force add /scanner/c2 0 -radix bin
# run all
Stopped at time : 18074270 ns : File "C:/Users/Administrator/Documents/sem7vhdl/KEYBOARD/scan.vhd" Line 98
