Command line:
   sipo_tb_isim_beh.exe
     -simmode  gui
     -simrunnum  0
     -socket  49958

Sun Sep 24 18:08:20 2017


 Elaboration Time: 0.0624 sec

 Current Memory Usage: 661.639 Meg

 Total Signals          : 8
 Total Nets             : 9
 Total Signal Drivers   : 3
 Total Blocks           : 3
 Total Primitive Blocks : 2
 Total Processes        : 2
 Total Traceable Variables  : 8
 Total Scalar Nets and Variables : 369
Total Line Count : 37

 Total Simulation Time: 0.0624 sec

 Current Memory Usage: 661.639 Meg

Sun Sep 24 18:28:09 2017

