Command line:
   countertb_isim_beh.exe
     -simmode  gui
     -simrunnum  0
     -socket  50191

Sun Sep 24 23:32:45 2017


 Elaboration Time: 0.062401 sec

 Current Memory Usage: 662.045 Meg

 Total Signals          : 9
 Total Nets             : 11
 Total Signal Drivers   : 5
 Total Blocks           : 5
 Total Primitive Blocks : 4
 Total Processes        : 4
 Total Traceable Variables  : 10
 Total Scalar Nets and Variables : 389
Total Line Count : 13

 Total Simulation Time: 0.062401 sec

 Current Memory Usage: 662.045 Meg

Sun Sep 24 23:32:53 2017

